#
# There is insufficient memory for the Java Runtime Environment to continue.
# Native memory allocation (mmap) failed to map 134217728 bytes for Failed to commit area from 0x00000000d1200000 to 0x00000000d9200000 of length 134217728.
# Possible reasons:
#   The system is out of physical RAM or swap space
#   The process is running with CompressedOops enabled, and the Java Heap may be blocking the growth of the native heap
# Possible solutions:
#   Reduce memory load on the system
#   Increase physical memory or swap space
#   Check if swap backing store is full
#   Decrease Java heap size (-Xmx/-Xms)
#   Decrease number of Java threads
#   Decrease Java thread stack sizes (-Xss)
#   Set larger code cache with -XX:ReservedCodeCacheSize=
# This output file may be truncated or incomplete.
#
#  Out of Memory Error (./src/hotspot/os/windows/os_windows.cpp:3619), pid=19564, tid=10720
#
# JRE version:  (11.0.13+7) (build )
# Java VM: OpenJDK 64-Bit Server VM (11.0.13+7-b1751.25, mixed mode, sharing, tiered, compressed oops, g1 gc, windows-amd64)
# No core dump will be written. Minidumps are not enabled by default on client versions of Windows
#

---------------  S U M M A R Y ------------

Command Line: -Djava.rmi.server.hostname=127.0.0.1 -Duser.timezone=UTC -Xmx750m -Xms128m -Dfile.encoding=UTF-8 com.intellij.database.remote.RemoteJdbcServer org.postgresql.Driver

Host: AMD Ryzen 3 3200U with Radeon Vega Mobile Gfx  , 4 cores, 3G,  Windows 10 , 64 bit Build 19041 (10.0.19041.2251)
Time: Sat Nov 19 01:08:06 2022 Central Asia Standard Time elapsed time: 0.181317 seconds (0d 0h 0m 0s)

---------------  T H R E A D  ---------------

Current thread (0x0000028bc0edb800):  JavaThread "Unknown thread" [_thread_in_vm, id=10720, stack(0x0000009573800000,0x0000009573900000)]

Stack: [0x0000009573800000,0x0000009573900000]
Native frames: (J=compiled Java code, j=interpreted, Vv=VM code, C=native code)
V  [jvm.dll+0x613daa]
V  [jvm.dll+0x799b30]
V  [jvm.dll+0x79b14d]
V  [jvm.dll+0x79b823]
V  [jvm.dll+0x24c958]
V  [jvm.dll+0x610e24]
V  [jvm.dll+0x605b25]
V  [jvm.dll+0x30aaab]
V  [jvm.dll+0x30aa1a]
V  [jvm.dll+0x30a8f2]
V  [jvm.dll+0x30f856]
V  [jvm.dll+0x359143]
V  [jvm.dll+0x359846]
V  [jvm.dll+0x359243]
V  [jvm.dll+0x2e57a8]
V  [jvm.dll+0x2e6947]
V  [jvm.dll+0x776d47]
V  [jvm.dll+0x77853c]
V  [jvm.dll+0x3666c9]
V  [jvm.dll+0x75a9ce]
V  [jvm.dll+0x3d47d3]
V  [jvm.dll+0x3d6d21]
C  [jli.dll+0x536b]
C  [ucrtbase.dll+0x21bb2]
C  [KERNEL32.DLL+0x174b4]
C  [ntdll.dll+0x526a1]


---------------  P R O C E S S  ---------------

Threads class SMR info:
_java_thread_list=0x0000028bbf4d1dd0, length=0, elements={
}

Java Threads: ( => current thread )

Other Threads:
  0x0000028bc0ef5800 GCTaskThread "GC Thread#0" [stack: 0x0000009573900000,0x0000009573a00000] [id=18712]
  0x0000028bc0f0c800 ConcurrentGCThread "G1 Main Marker" [stack: 0x0000009573a00000,0x0000009573b00000] [id=20356]
  0x0000028bc0f0e000 ConcurrentGCThread "G1 Conc#0" [stack: 0x0000009573b00000,0x0000009573c00000] [id=17448]

[error occurred during error reporting (printing all threads), id 0xc0000005, EXCEPTION_ACCESS_VIOLATION (0xc0000005) at pc=0x00007fff6c255c97]

VM state:not at safepoint (not fully initialized)

VM Mutex/Monitor currently owned by a thread:  ([mutex/lock_event])
[0x0000028bc0ed8c80] Heap_lock - owner thread: 0x0000028bc0edb800

Heap address: 0x00000000d1200000, size: 750 MB, Compressed Oops mode: Non-zero based: 0x00000000d1200000
Narrow klass base: 0x0000000000000000, Narrow klass shift: 0

GC Heap History (0 events):
No events

Deoptimization events (0 events):
No events

Classes redefined (0 events):
No events

Internal exceptions (0 events):
No events

Events (1 events):
Event: 0.108 Loaded shared library C:\Program Files\JetBrains\IntelliJ IDEA 2021.3.2\jbr\bin\zip.dll


Dynamic libraries:
0x00007ff61a6b0000 - 0x00007ff61a6ba000 	C:\Program Files\JetBrains\IntelliJ IDEA 2021.3.2\jbr\bin\java.exe
0x00007fffd0f50000 - 0x00007fffd1148000 	C:\WINDOWS\SYSTEM32\ntdll.dll
0x00007fffcf8e0000 - 0x00007fffcf99f000 	C:\WINDOWS\System32\KERNEL32.DLL
0x00007fffce9c0000 - 0x00007fffcec92000 	C:\WINDOWS\System32\KERNELBASE.dll
0x00007fffced40000 - 0x00007fffcee40000 	C:\WINDOWS\System32\ucrtbase.dll
0x00007fffbbd20000 - 0x00007fffbbd37000 	C:\Program Files\JetBrains\IntelliJ IDEA 2021.3.2\jbr\bin\VCRUNTIME140.dll
0x00007fffbb740000 - 0x00007fffbb759000 	C:\Program Files\JetBrains\IntelliJ IDEA 2021.3.2\jbr\bin\jli.dll
0x00007fffcf3e0000 - 0x00007fffcf57d000 	C:\WINDOWS\System32\USER32.dll
0x00007fffb6390000 - 0x00007fffb662a000 	C:\WINDOWS\WinSxS\amd64_microsoft.windows.common-controls_6595b64144ccf1df_6.0.19041.1110_none_60b5254171f9507e\COMCTL32.dll
0x00007fffceca0000 - 0x00007fffcecc2000 	C:\WINDOWS\System32\win32u.dll
0x00007fffd0680000 - 0x00007fffd071e000 	C:\WINDOWS\System32\msvcrt.dll
0x00007fffd05a0000 - 0x00007fffd05cb000 	C:\WINDOWS\System32\GDI32.dll
0x00007fffce830000 - 0x00007fffce93f000 	C:\WINDOWS\System32\gdi32full.dll
0x00007fffceed0000 - 0x00007fffcef6d000 	C:\WINDOWS\System32\msvcp_win.dll
0x00007fffcf3a0000 - 0x00007fffcf3d2000 	C:\WINDOWS\System32\IMM32.DLL
0x00007fffad0d0000 - 0x00007fffad16d000 	C:\Program Files\JetBrains\IntelliJ IDEA 2021.3.2\jbr\bin\msvcp140.dll
0x00007fff6bf60000 - 0x00007fff6cad6000 	C:\Program Files\JetBrains\IntelliJ IDEA 2021.3.2\jbr\bin\server\jvm.dll
0x00007fffcf2f0000 - 0x00007fffcf39e000 	C:\WINDOWS\System32\ADVAPI32.dll
0x00007fffd0720000 - 0x00007fffd07bc000 	C:\WINDOWS\System32\sechost.dll
0x00007fffd02c0000 - 0x00007fffd03e5000 	C:\WINDOWS\System32\RPCRT4.dll
0x00007fffcfa00000 - 0x00007fffcfa08000 	C:\WINDOWS\System32\PSAPI.DLL
0x00007fffc6250000 - 0x00007fffc625a000 	C:\WINDOWS\SYSTEM32\VERSION.dll
0x00007fffc6000000 - 0x00007fffc6027000 	C:\WINDOWS\SYSTEM32\WINMM.dll
0x00007fffb3150000 - 0x00007fffb3159000 	C:\WINDOWS\SYSTEM32\WSOCK32.dll
0x00007fffd0220000 - 0x00007fffd028b000 	C:\WINDOWS\System32\WS2_32.dll
0x00007fffcc4a0000 - 0x00007fffcc4b2000 	C:\WINDOWS\SYSTEM32\kernel.appcore.dll
0x00007fffc8f10000 - 0x00007fffc8f21000 	C:\Program Files\JetBrains\IntelliJ IDEA 2021.3.2\jbr\bin\verify.dll
0x00007fffbc570000 - 0x00007fffbc754000 	C:\WINDOWS\SYSTEM32\DBGHELP.DLL
0x00007fffbc320000 - 0x00007fffbc34c000 	C:\WINDOWS\SYSTEM32\dbgcore.DLL
0x00007fffcee40000 - 0x00007fffceec2000 	C:\WINDOWS\System32\bcryptPrimitives.dll
0x00007fffc7000000 - 0x00007fffc7029000 	C:\Program Files\JetBrains\IntelliJ IDEA 2021.3.2\jbr\bin\java.dll
0x00007fffc8b30000 - 0x00007fffc8b3b000 	C:\Program Files\JetBrains\IntelliJ IDEA 2021.3.2\jbr\bin\jimage.dll
0x00007fffc8ad0000 - 0x00007fffc8ae8000 	C:\Program Files\JetBrains\IntelliJ IDEA 2021.3.2\jbr\bin\zip.dll

dbghelp: loaded successfully - version: 4.0.5 - missing functions: none
symbol engine: initialized successfully - sym options: 0x614 - pdb path: .;C:\Program Files\JetBrains\IntelliJ IDEA 2021.3.2\jbr\bin;C:\WINDOWS\SYSTEM32;C:\WINDOWS\WinSxS\amd64_microsoft.windows.common-controls_6595b64144ccf1df_6.0.19041.1110_none_60b5254171f9507e;C:\Program Files\JetBrains\IntelliJ IDEA 2021.3.2\jbr\bin\server

VM Arguments:
jvm_args: -Djava.rmi.server.hostname=127.0.0.1 -Duser.timezone=UTC -Xmx750m -Xms128m -Dfile.encoding=UTF-8 
java_command: com.intellij.database.remote.RemoteJdbcServer org.postgresql.Driver
java_class_path (initial): C:\Program Files\JetBrains\IntelliJ IDEA 2021.3.2\lib\util.jar;C:\Program Files\JetBrains\IntelliJ IDEA 2021.3.2\lib\org_codehaus_groovy_groovy.jar;C:\Program Files\JetBrains\IntelliJ IDEA 2021.3.2\plugins\DatabaseTools\lib\jdbc-console.jar;C:\Users\User\AppData\Roaming\JetBrains\IntelliJIdea2021.3\jdbc-drivers\PostgreSQL\42.3.3\org\postgresql\postgresql\42.3.3\postgresql-42.3.3.jar;C:\Users\User\AppData\Roaming\JetBrains\IntelliJIdea2021.3\jdbc-drivers\PostgreSQL\42.3.3\org\checkerframework\checker-qual\3.5.0\checker-qual-3.5.0.jar;C:\Users\User\AppData\Roaming\JetBrains\IntelliJIdea2021.3\jdbc-drivers\PostgreSQL\42.3.3\net\java\dev\jna\jna-platform\5.10.0\jna-platform-5.10.0.jar;C:\Users\User\AppData\Roaming\JetBrains\IntelliJIdea2021.3\jdbc-drivers\PostgreSQL\42.3.3\net\java\dev\jna\jna\5.10.0\jna-5.10.0.jar;C:\Users\User\AppData\Roaming\JetBrains\IntelliJIdea2021.3\jdbc-drivers\PostgreSQL\42.3.3\com\github\dblock\waffle\waffle-jna\1.8.1\waffle-jna-1.8.1.jar;C:\Users\User\AppData\Roaming\JetBrains\IntelliJIdea2021.3\jdbc-drivers\PostgreSQL\42.3.3\net\java\dev\jna\jna\4.2.1\jna-4.2.1.jar;C:\Users\User\AppData\Roaming\JetBrains\IntelliJIdea2021.3\jdbc-drivers\PostgreSQL\42.3.3\net\java\dev\jna\jna-platform\4.2.1\jna-platform-4.2.1.jar;C:\Users\User\AppData\Roaming\JetBrains\IntelliJIdea2021.3\jdbc-drivers\PostgreSQL\42.3.3\org\slf4j\jcl-over-slf4j\1.7.14\jcl-over-slf4j-1.7.14.jar;C:\Users\User\AppData\Roaming\JetBrains\IntelliJIdea2021.3\jdbc-drivers\PostgreSQL\42.3.3\org\slf4j\slf4j-api\1.7.14\slf4j-api-1.7.14.jar;C:\Users\User\AppData\Roaming\JetBrains\IntelliJIdea2021.3\jdbc-drivers\PostgreSQL\42.3.3\com\google\guava\guava\19.0\guava-19.0.jar
Launcher Type: SUN_STANDARD

[Global flags]
     intx CICompilerCount                          = 3                                         {product} {ergonomic}
     uint ConcGCThreads                            = 1                                         {product} {ergonomic}
     uint G1ConcRefinementThreads                  = 4                                         {product} {ergonomic}
   size_t G1HeapRegionSize                         = 1048576                                   {product} {ergonomic}
    uintx GCDrainStackTargetSize                   = 64                                        {product} {ergonomic}
   size_t InitialHeapSize                          = 134217728                                 {product} {command line}
   size_t MarkStackSize                            = 4194304                                   {product} {ergonomic}
   size_t MaxHeapSize                              = 786432000                                 {product} {command line}
   size_t MinHeapDeltaBytes                        = 1048576                                   {product} {ergonomic}
    uintx NonNMethodCodeHeapSize                   = 5830732                                {pd product} {ergonomic}
    uintx NonProfiledCodeHeapSize                  = 122913754                              {pd product} {ergonomic}
    uintx ProfiledCodeHeapSize                     = 122913754                              {pd product} {ergonomic}
    uintx ReservedCodeCacheSize                    = 251658240                              {pd product} {ergonomic}
     bool SegmentedCodeCache                       = true                                      {product} {ergonomic}
     bool UseCompressedClassPointers               = true                                 {lp64_product} {ergonomic}
     bool UseCompressedOops                        = true                                 {lp64_product} {ergonomic}
     bool UseG1GC                                  = true                                      {product} {ergonomic}
     bool UseLargePagesIndividualAllocation        = false                                  {pd product} {ergonomic}

Logging:
Log output configuration:
 #0: stdout all=warning uptime,level,tags
 #1: stderr all=off uptime,level,tags

Environment Variables:
PATH=C:\Program Files\Common Files\Oracle\Java\javapath;C:\Program Files (x86)\Common Files\Oracle\Java\javapath;C:\WINDOWS\system32;C:\WINDOWS;C:\WINDOWS\System32\Wbem;C:\WINDOWS\System32\WindowsPowerShell\v1.0\;C:\WINDOWS\System32\OpenSSH\;C:\Program Files\dotnet\;C:\Program Files\Git\cmd;C:\Program Files\nodejs\;C:\Program Files\Microsoft SQL Server\130\Tools\Binn\;C:\Program Files\Microsoft SQL Server\Client SDK\ODBC\170\Tools\Binn\;C:\Program Files\kotlinc\bin;C:\Program Files (x86)\dotnet\;C:\Program Files\Go\bin;C:\Program Files\Docker\Docker\resources\bin;C:\Users\User\AppData\Local\Programs\Python\Python38-32\Scripts\;C:\Users\User\AppData\Local\Programs\Python\Python38-32\;C:\Users\User\AppData\Local\Programs\Microsoft VS Code\bin;C:\Users\User\.dotnet\tools;C:\Users\User\Desktop\mingw64tdm\mingw64tdm\bin;;C:\Users\User\AppData\Local\Microsoft\WindowsApps;C:\Program Files\JetBrains\DataGrip 2020.2.2\bin;;C:\Users\User\AppData\Roaming\npm;C:\Program Files\heroku\bin;C:\Users\User\go\bin;C:\Program Files (x86)\Nmap
USERNAME=User
OS=Windows_NT
PROCESSOR_IDENTIFIER=AMD64 Family 23 Model 24 Stepping 1, AuthenticAMD



---------------  S Y S T E M  ---------------

OS: Windows 10 , 64 bit Build 19041 (10.0.19041.2251)
OS uptime: 1 days 15:28 hours
Hyper-V role detected

CPU:total 4 (initial active 4) (4 cores per cpu, 2 threads per core) family 23 model 24 stepping 1 microcode 0x0, cmov, cx8, fxsr, mmx, sse, sse2, sse3, ssse3, sse4.1, sse4.2, popcnt, avx, avx2, aes, clmul, mmxext, 3dnowpref, lzcnt, sse4a, ht, tsc, tscinvbit, tscinv, bmi1, bmi2, adx, sha, fma

Memory: 4k page, system-wide physical 3460M (249M free)
TotalPageFile size 14210M (AvailPageFile size 78M)
current process WorkingSet (physical memory assigned to process): 9M, peak: 9M
current process commit charge ("private bytes"): 51M, peak: 179M

vm_info: OpenJDK 64-Bit Server VM (11.0.13+7-b1751.25) for windows-amd64 JRE (11.0.13+7-b1751.25), built on Jan 13 2022 20:47:27 by "" with MS VC++ 14.0 (VS2015)

END.
